2020-11-20 20:10:51.894 [background-preinit] INFO  org.hibernate.validator.internal.util.Version - HV000001: Hibernate Validator 6.0.14.Final
2020-11-20 20:10:51.922 [main] INFO  com.sst.App - Starting App on DESKTOP-OFF6OBD with PID 10416 (E:\seckill2\shoppings\target\classes started by Administrator in E:\seckill2\shoppings)
2020-11-20 20:10:51.925 [main] INFO  com.sst.App - No active profile set, falling back to default profiles: default
2020-11-20 20:10:53.196 [main] INFO  o.s.d.r.config.RepositoryConfigurationDelegate - Multiple Spring Data modules found, entering strict repository configuration mode!
2020-11-20 20:10:53.200 [main] INFO  o.s.d.r.config.RepositoryConfigurationDelegate - Bootstrapping Spring Data Redis repositories in DEFAULT mode.
2020-11-20 20:10:53.254 [main] INFO  o.s.d.r.config.RepositoryConfigurationDelegate - Finished Spring Data repository scanning in 28ms. Found 0 Redis repository interfaces.
2020-11-20 20:10:54.536 [main] INFO  o.s.boot.web.embedded.tomcat.TomcatWebServer - Tomcat initialized with port(s): 80 (http)
2020-11-20 20:10:54.565 [main] INFO  org.apache.coyote.http11.Http11NioProtocol - Initializing ProtocolHandler ["http-nio-80"]
2020-11-20 20:10:54.566 [main] INFO  org.apache.catalina.core.StandardService - Starting service [Tomcat]
2020-11-20 20:10:54.566 [main] INFO  org.apache.catalina.core.StandardEngine - Starting Servlet engine: [Apache Tomcat/9.0.38]
2020-11-20 20:10:54.773 [main] INFO  o.a.c.core.ContainerBase.[Tomcat].[localhost].[/] - Initializing Spring embedded WebApplicationContext
2020-11-20 20:10:54.774 [main] INFO  o.s.b.w.s.c.ServletWebServerApplicationContext - Root WebApplicationContext: initialization completed in 2693 ms
2020-11-20 20:10:56.803 [main] INFO  o.s.scheduling.concurrent.ThreadPoolTaskExecutor - Initializing ExecutorService 'applicationTaskExecutor'
2020-11-20 20:10:56.971 [main] INFO  o.s.b.a.web.servlet.WelcomePageHandlerMapping - Adding welcome page: class path resource [static/index.html]
2020-11-20 20:10:57.455 [main] INFO  org.apache.coyote.http11.Http11NioProtocol - Starting ProtocolHandler ["http-nio-80"]
2020-11-20 20:10:57.483 [main] INFO  o.s.boot.web.embedded.tomcat.TomcatWebServer - Tomcat started on port(s): 80 (http) with context path ''
2020-11-20 20:10:57.496 [main] INFO  com.sst.App - Started App in 6.123 seconds (JVM running for 8.892)
2020-11-20 20:30:49.717 [http-nio-80-exec-1] INFO  o.a.c.core.ContainerBase.[Tomcat].[localhost].[/] - Initializing Spring DispatcherServlet 'dispatcherServlet'
2020-11-20 20:30:49.717 [http-nio-80-exec-1] INFO  org.springframework.web.servlet.DispatcherServlet - Initializing Servlet 'dispatcherServlet'
2020-11-20 20:30:49.734 [http-nio-80-exec-1] INFO  org.springframework.web.servlet.DispatcherServlet - Completed initialization in 16 ms
2020-11-20 20:30:49.829 [http-nio-80-exec-1] INFO  com.alibaba.druid.pool.DruidDataSource - {dataSource-1} inited
2020-11-20 20:31:00.370 [http-nio-80-exec-1] INFO  com.sst.log.Log - String com.sst.service.impl.UserServiceImpl.loginByPassword(String,String),[15281022297, 4QrcOUm6Wau+VuBX8g+IPg==]
2020-11-20 20:31:00.375 [http-nio-80-exec-1] INFO  com.sst.log.Log - [org.apache.catalina.connector.RequestFacade@44408009, org.springframework.data.redis.RedisConnectionFailureException: Unable to connect to Redis; nested exception is io.lettuce.core.RedisConnectionException: Unable to connect to 192.168.101.242/<unresolved>:6379]
2020-11-20 20:31:29.222 [http-nio-80-exec-3] INFO  com.sst.log.Log - List com.sst.service.impl.GoodsServiceImpl.getGoodsListByOne(Integer),[2]
2020-11-20 20:35:51.934 [background-preinit] INFO  org.hibernate.validator.internal.util.Version - HV000001: Hibernate Validator 6.0.14.Final
2020-11-20 20:35:51.962 [main] INFO  com.sst.App - Starting App on DESKTOP-OFF6OBD with PID 8500 (E:\seckill2\shoppings\target\classes started by Administrator in E:\seckill2\shoppings)
2020-11-20 20:35:51.966 [main] INFO  com.sst.App - No active profile set, falling back to default profiles: default
2020-11-20 20:35:53.205 [main] INFO  o.s.d.r.config.RepositoryConfigurationDelegate - Multiple Spring Data modules found, entering strict repository configuration mode!
2020-11-20 20:35:53.207 [main] INFO  o.s.d.r.config.RepositoryConfigurationDelegate - Bootstrapping Spring Data Redis repositories in DEFAULT mode.
2020-11-20 20:35:53.240 [main] INFO  o.s.d.r.config.RepositoryConfigurationDelegate - Finished Spring Data repository scanning in 20ms. Found 0 Redis repository interfaces.
2020-11-20 20:35:54.028 [main] INFO  o.s.boot.web.embedded.tomcat.TomcatWebServer - Tomcat initialized with port(s): 80 (http)
2020-11-20 20:35:54.038 [main] INFO  org.apache.coyote.http11.Http11NioProtocol - Initializing ProtocolHandler ["http-nio-80"]
2020-11-20 20:35:54.038 [main] INFO  org.apache.catalina.core.StandardService - Starting service [Tomcat]
2020-11-20 20:35:54.038 [main] INFO  org.apache.catalina.core.StandardEngine - Starting Servlet engine: [Apache Tomcat/9.0.38]
2020-11-20 20:35:54.158 [main] INFO  o.a.c.core.ContainerBase.[Tomcat].[localhost].[/] - Initializing Spring embedded WebApplicationContext
2020-11-20 20:35:54.158 [main] INFO  o.s.b.w.s.c.ServletWebServerApplicationContext - Root WebApplicationContext: initialization completed in 2064 ms
2020-11-20 20:35:55.468 [main] INFO  o.s.scheduling.concurrent.ThreadPoolTaskExecutor - Initializing ExecutorService 'applicationTaskExecutor'
2020-11-20 20:35:55.568 [main] INFO  o.s.b.a.web.servlet.WelcomePageHandlerMapping - Adding welcome page: class path resource [static/index.html]
2020-11-20 20:35:55.986 [main] INFO  org.apache.coyote.http11.Http11NioProtocol - Starting ProtocolHandler ["http-nio-80"]
2020-11-20 20:35:56.017 [main] INFO  o.s.boot.web.embedded.tomcat.TomcatWebServer - Tomcat started on port(s): 80 (http) with context path ''
2020-11-20 20:35:56.034 [main] INFO  com.sst.App - Started App in 4.546 seconds (JVM running for 6.492)
2020-11-20 20:36:14.099 [http-nio-80-exec-1] INFO  o.a.c.core.ContainerBase.[Tomcat].[localhost].[/] - Initializing Spring DispatcherServlet 'dispatcherServlet'
2020-11-20 20:36:14.100 [http-nio-80-exec-1] INFO  org.springframework.web.servlet.DispatcherServlet - Initializing Servlet 'dispatcherServlet'
2020-11-20 20:36:14.127 [http-nio-80-exec-1] INFO  org.springframework.web.servlet.DispatcherServlet - Completed initialization in 27 ms
2020-11-20 20:36:14.299 [http-nio-80-exec-1] INFO  com.alibaba.druid.pool.DruidDataSource - {dataSource-1} inited
2020-11-20 20:36:14.477 [http-nio-80-exec-1] INFO  com.sst.log.Log - List com.sst.service.impl.GoodsServiceImpl.getGoodsListByOne(Integer),[2]
2020-11-20 20:37:45.027 [http-nio-80-exec-3] INFO  com.sst.log.Log - List com.sst.service.impl.GoodsServiceImpl.getGoodsListByOne(Integer),[2]
2020-11-20 20:37:47.460 [http-nio-80-exec-4] INFO  com.sst.log.Log - List com.sst.service.impl.GoodsServiceImpl.getGoodsListByOne(Integer),[2]
2020-11-20 20:38:08.806 [http-nio-80-exec-5] INFO  com.sst.log.Log - List com.sst.service.impl.GoodsServiceImpl.getGoodsListByOne(Integer),[2]
2020-11-20 20:38:22.784 [http-nio-80-exec-6] INFO  com.sst.log.Log - List com.sst.service.impl.GoodsServiceImpl.getGoodsListByOne(Integer),[2]
2020-11-20 20:39:32.449 [http-nio-80-exec-8] INFO  com.sst.log.Log - List com.sst.service.impl.GoodsServiceImpl.getGoodsListByOne(Integer),[2]
2020-11-20 20:41:06.144 [http-nio-80-exec-2] INFO  com.sst.log.Log - List com.sst.service.impl.GoodsServiceImpl.getGoodsListByOne(Integer),[2]
2020-11-20 20:41:12.456 [http-nio-80-exec-3] INFO  com.sst.log.Log - List com.sst.service.impl.GoodsServiceImpl.getGoodsListByOne(Integer),[1]
2020-11-20 20:41:15.961 [http-nio-80-exec-4] INFO  com.sst.log.Log - List com.sst.service.impl.GoodsServiceImpl.getGoodsListByOne(Integer),[1]
2020-11-20 20:41:16.979 [http-nio-80-exec-5] INFO  com.sst.log.Log - List com.sst.service.impl.GoodsServiceImpl.getGoodsListByOne(Integer),[1]
2020-11-20 20:41:18.199 [http-nio-80-exec-6] INFO  com.sst.log.Log - List com.sst.service.impl.GoodsServiceImpl.getGoodsListByOne(Integer),[1]
2020-11-20 20:41:33.256 [http-nio-80-exec-7] INFO  com.sst.log.Log - List com.sst.service.impl.GoodsServiceImpl.getGoodsListByOne(Integer),[1]
2020-11-20 20:44:22.132 [http-nio-80-exec-1] INFO  com.sst.log.Log - List com.sst.service.impl.GoodsServiceImpl.getGoodsListByOne(Integer),[1]
2020-11-20 20:45:27.462 [http-nio-80-exec-3] INFO  com.sst.log.Log - List com.sst.service.impl.GoodsServiceImpl.getGoodsListByOne(Integer),[1]
2020-11-20 20:45:59.483 [http-nio-80-exec-4] INFO  com.sst.log.Log - List com.sst.service.impl.GoodsServiceImpl.getGoodsListByOne(Integer),[1]
2020-11-20 20:47:50.717 [http-nio-80-exec-6] INFO  com.sst.log.Log - List com.sst.service.impl.GoodsServiceImpl.getGoodsListByOne(Integer),[1]
2020-11-20 20:48:03.931 [http-nio-80-exec-7] INFO  com.sst.log.Log - List com.sst.service.impl.GoodsServiceImpl.getGoodsListByOne(Integer),[1]
2020-11-20 20:48:26.163 [http-nio-80-exec-8] INFO  com.sst.log.Log - List com.sst.service.impl.GoodsServiceImpl.getGoodsListByOne(Integer),[1]
2020-11-20 20:49:39.497 [http-nio-80-exec-9] INFO  com.sst.log.Log - List com.sst.service.impl.GoodsServiceImpl.getGoodsListByOne(Integer),[1]
